2019-06-16 12:51:54,864 FRA0019_html3: No publication year found for item 1!
2019-06-16 12:51:54,868 FRA0019_html3: No publication year found for item 4!
2019-06-16 12:51:54,982 FRA0020_html10: No publication year found for item 1!
2019-06-16 12:51:54,989 FRA0020_html10: No publication year found for item 6!
2019-06-16 12:51:54,994 FRA0020_html10: No publication year found for item 9!
2019-06-16 12:51:55,356 FRA0020_html15: No publication year found for item 6!
2019-06-16 12:51:55,362 FRA0020_html15: No publication year found for item 10!
2019-06-16 12:51:55,537 FRA0020_html4: No publication year found for item 1!
2019-06-16 12:51:55,613 FRA0020_html5: No publication year found for item 8!
2019-06-16 12:51:55,673 FRA0020_html6: No publication year found for item 5!
2019-06-16 12:51:55,740 FRA0020_html7: No publication year found for item 8!
2019-06-16 12:51:56,528 FRA0038_html4: No publication year found for item 2!
2019-06-16 12:51:56,727 FRA0038_html7: No publication year found for item 6!
2019-06-16 12:51:56,730 FRA0038_html7: No publication year found for item 8!
2019-06-16 12:51:56,791 FRA0038_html8: No publication year found for item 8!
2019-06-16 12:51:56,794 FRA0038_html8: No publication year found for item 10!
2019-06-16 12:51:56,854 FRA0038_html9: No publication year found for item 8!
2019-06-16 12:51:58,017 FRA0040_html24: No publication year found for item 2!
2019-06-16 12:51:58,021 FRA0040_html24: No publication year found for item 5!
2019-06-16 12:51:58,146 FRA0040_html26: No publication year found for item 4!
2019-06-16 12:51:58,344 FRA0040_html29: No publication year found for item 10!
2019-06-16 12:51:58,464 FRA0040_html30: No publication year found for item 1!
2019-06-16 12:51:58,468 FRA0040_html30: No publication year found for item 4!
2019-06-16 12:51:58,528 FRA0040_html31: No publication year found for item 2!
2019-06-16 12:51:58,659 FRA0040_html33: No publication year found for item 6!
2019-06-16 12:51:58,780 FRA0040_html35: No publication year found for item 4!
2019-06-16 12:51:58,847 FRA0040_html36: No publication year found for item 7!
2019-06-16 12:51:58,943 FRA0040_html37: No publication year found for item 5!
2019-06-16 12:51:59,063 FRA0040_html39: No publication year found for item 2!
2019-06-16 12:51:59,068 FRA0040_html39: No publication year found for item 5!
2019-06-16 12:51:59,576 FRA0040_html46: No publication year found for item 7!
2019-06-16 12:52:00,125 FRA0040_html53: No publication year found for item 6!
2019-06-16 12:52:00,178 FRA0040_html54: No publication year found for item 1!
2019-06-16 12:52:00,863 FRA0041_html14: No publication year found for item 1!
2019-06-16 12:52:00,865 FRA0041_html14: No publication year found for item 2!
2019-06-16 12:52:00,867 FRA0041_html14: No publication year found for item 3!
2019-06-16 12:52:00,872 FRA0041_html14: No publication year found for item 6!
2019-06-16 12:52:00,873 FRA0041_html14: No publication year found for item 7!
2019-06-16 12:52:00,946 FRA0041_html15: No publication year found for item 10!
2019-06-16 12:52:01,002 FRA0041_html16: No publication year found for item 4!
2019-06-16 12:52:01,004 FRA0041_html16: No publication year found for item 5!
2019-06-16 12:52:01,517 FRA0041_html23: No publication year found for item 2!
2019-06-16 12:52:01,585 FRA0041_html24: No publication year found for item 6!
2019-06-16 12:52:01,647 FRA0041_html25: No publication year found for item 6!
2019-06-16 12:52:01,648 FRA0041_html25: No publication year found for item 7!
2019-06-16 12:52:02,359 FRA0041_html35: No publication year found for item 1!
2019-06-16 12:52:02,361 FRA0041_html35: No publication year found for item 2!
2019-06-16 12:52:02,830 FRA0041_html9: No publication year found for item 4!
2019-06-16 12:52:02,864 FRA0042: No search result in worldcat! Search strings: title: 'Sallambô ', author: 'Flaubert'
2019-06-16 12:52:02,905 FRA0043_html1: No publication year found for item 1!
2019-06-16 12:52:03,418 FRA0049_html2: No publication year found for item 2!
2019-06-16 12:52:03,811 FRA0052_html11: No publication year found for item 10!
2019-06-16 12:52:04,361 FRA0052_html8: No publication year found for item 2!
2019-06-16 12:52:04,995 FRA0056_html10: No publication year found for item 7!
2019-06-16 12:52:05,301 FRA0056_html15: No publication year found for item 1!
2019-06-16 12:52:05,601 FRA0056_html19: No publication year found for item 9!
2019-06-16 12:52:05,785 FRA0056_html21: No publication year found for item 6!
2019-06-16 12:52:06,225 FRA0056_html5: No publication year found for item 10!
2019-06-16 12:52:06,698 FRA0086_html3: No publication year found for item 8!
2019-06-16 12:52:06,869 FRA0087_html1: No publication year found for item 8!
2019-06-16 12:52:06,932 FRA0087_html2: No publication year found for item 9!
2019-06-16 12:52:07,104 FRA0087_html5: No publication year found for item 1!
2019-06-16 12:52:07,109 FRA0087_html5: No publication year found for item 4!
2019-06-16 12:52:07,337 FRA0144_html3: No publication year found for item 9!
2019-06-16 12:52:07,438 FRA0148_html2: No publication year found for item 1!
2019-06-16 12:52:07,446 FRA0148_html2: No publication year found for item 6!
2019-06-16 12:52:07,623 FRA0175_html3: No publication year found for item 6!
2019-06-16 12:52:07,624 FRA0175_html3: No publication year found for item 7!
2019-06-16 12:52:07,787 FRA0206_html2: No publication year found for item 8!
2019-06-16 12:52:07,854 FRA0301: No search result in worldcat! Search strings: title: 'Les Bandits d'Arizona ', author: 'Aimard'
2019-06-16 12:52:07,871 FRA0302: No search result in worldcat! Search strings: title: 'Les Trappeurs d'Arkansas ', author: 'Aimard'
2019-06-16 12:52:07,910 FRA0311_html1: No publication year found for item 2!
2019-06-16 12:52:07,911 FRA0311_html1: No publication year found for item 3!
2019-06-16 12:52:07,920 FRA0311_html1: No publication year found for item 9!
2019-06-16 12:52:08,466 FRA0397: No search result in worldcat! Search strings: title: 'La Conspiration des Milliardaires, III: Le Régiment des hypnotiseurs ', author: 'Le Rouge'
2019-06-16 12:52:09,084 FRA0410_html15: No publication year found for item 4!
2019-06-16 12:52:09,206 FRA0410_html17: No publication year found for item 2!
2019-06-16 12:52:09,980 FRA0410_html9: No publication year found for item 9!
2019-06-16 12:52:10,026 FRA0415_html1: No publication year found for item 4!
2019-06-16 12:52:10,570 FRA0474_html5: No publication year found for item 3!
2019-06-16 12:52:10,573 FRA0474_html5: No publication year found for item 5!
2019-06-16 12:52:10,841 FRA0562_html10: No publication year found for item 1!
2019-06-16 12:52:10,966 FRA0562_html12: No publication year found for item 2!
2019-06-16 12:52:11,258 FRA0562_html2: No publication year found for item 6!
2019-06-16 12:52:11,437 FRA0562_html5: No publication year found for item 2!
2019-06-16 12:52:11,510 FRA0562_html6: No publication year found for item 10!
2019-06-16 12:52:11,624 FRA0562_html8: No publication year found for item 4!
2019-06-16 12:52:11,796 FRA0570_html1: No publication year found for item 10!
2019-06-16 12:52:11,845 FRA0570_html10: No publication year found for item 1!
2019-06-16 12:52:11,975 FRA0570_html12: No publication year found for item 4!
2019-06-16 12:52:12,225 FRA0570_html16: No publication year found for item 4!
2019-06-16 12:52:12,234 FRA0570_html16: No publication year found for item 10!
2019-06-16 12:52:12,485 FRA0570_html2: No publication year found for item 9!
2019-06-16 12:52:12,648 FRA0570_html21: No publication year found for item 9!
2019-06-16 12:52:12,766 FRA0570_html23: No publication year found for item 7!
2019-06-16 12:52:12,817 FRA0570_html3: No publication year found for item 3!
2019-06-16 12:52:12,885 FRA0570_html4: No publication year found for item 6!
2019-06-16 12:52:13,066 FRA0570_html7: No publication year found for item 2!
2019-06-16 12:52:13,068 FRA0570_html7: No publication year found for item 3!
2019-06-16 12:52:13,201 FRA0570_html9: No publication year found for item 8!
2019-06-16 12:52:13,604 FRA0572_html14: No publication year found for item 4!
2019-06-16 12:52:14,324 FRA0572_html7: No publication year found for item 9!
2019-06-16 12:52:14,380 FRA0572_html8: No publication year found for item 5!
2019-06-16 12:52:14,385 FRA0572_html8: No publication year found for item 8!
2019-06-16 12:52:14,533 FRA0605_html1: No publication year found for item 5!
2019-06-16 12:52:14,693 FRA0615_html1: No publication year found for item 7!
2019-06-16 12:52:14,751 FRA0615_html2: No publication year found for item 5!
2019-06-16 12:52:14,755 FRA0615_html2: No publication year found for item 8!
2019-06-16 12:52:14,815 FRA0656_html1: No publication year found for item 8!
2019-06-16 12:52:14,865 FRA0656_html2: No publication year found for item 5!
2019-06-16 12:52:14,967 FRA0658_html1: No publication year found for item 4!
2019-06-16 12:52:15,092 FRA0771: No search result in worldcat! Search strings: title: 'Jean-Christophe, tome 1 : L'aube ', author: 'Romain Rolland'
2019-06-16 12:52:15,111 FRA0775: No search result in worldcat! Search strings: title: 'Jean-Christophe, tome 5 : La foire sur la place ', author: 'Rolland'
2019-06-16 12:52:15,130 FRA0780: No search result in worldcat! Search strings: title: 'Jean-Christophe, tome 10 : La nouvelle journée ', author: 'Rolland'
2019-06-16 12:52:15,242 FRA0851_html10: No publication year found for item 4!
2019-06-16 12:52:15,476 FRA0851_html13: No publication year found for item 5!
2019-06-16 12:52:15,602 FRA0851_html15: No publication year found for item 5!
2019-06-16 12:52:15,666 FRA0851_html16: No publication year found for item 5!
2019-06-16 12:52:15,737 FRA0851_html17: No publication year found for item 4!
2019-06-16 12:52:16,199 FRA0851_html7: No publication year found for item 8!
2019-06-16 12:52:16,358 FRA0851_html9: No publication year found for item 2!
2019-06-16 12:52:16,470 FRA1021: No search result in worldcat! Search strings: title: 'L'Argent des autres (1: Les hommes de paille, 2: La pêche en eau trouble) ', author: 'Gaboriau'
2019-06-16 12:52:16,516 FRA1155_html1: No publication year found for item 6!
2019-06-16 12:52:16,581 FRA1158_html1: No publication year found for item 10!
2019-06-16 12:52:16,704 FRA1177: No search result in worldcat! Search strings: title: 'La résurrection de Rocambole, tome 2: Saint-Lazare - L'auberge maudite - La maison de fous ', author: 'Ponson du Terrail'
